Iteration	Posterior	Likelihood	Prior	rate_log_sd	rate_loss	tree_length
0	-1036.916	-1247.851	210.9352	1.921753	1.336594	1.444943
6	-1035.035	-1246.463	211.4282	2.045272	1.113642	1.092871
12	-1042.18	-1253.829	211.6492	2.020018	0.8791784	1.129209
18	-1034.853	-1245.78	210.9272	1.937595	1.874605	1.129209
24	-1031.262	-1242.699	211.4379	2.361723	1.128608	0.7006692
30	-1034.914	-1246.306	211.3917	2.329231	1.217254	0.7006692
36	-1035.156	-1246.392	211.2361	2.526389	1.217254	0.6133461
42	-1031.51	-1242.83	211.3198	2.413961	1.211149	0.6872573
48	-1036.085	-1247.527	211.4419	2.430055	1.104106	0.5887322
54	-1034.692	-1246.094	211.4022	2.502763	1.068922	0.5887322
60	-1036.035	-1247.217	211.1827	2.537008	1.26767	0.6132372
66	-1041.448	-1252.344	210.8955	2.624475	1.555715	0.4990354
72	-1037.63	-1248.656	211.0267	2.624475	1.34227	0.6324025
78	-1027.059	-1238.287	211.2281	2.328664	1.354313	0.7792035
84	-1036.952	-1248.639	211.6877	2.38375	0.8478176	0.7218984
90	-1030.235	-1241.863	211.6288	2.198762	1.079142	0.730515
96	-1039.068	-1250.355	211.2864	2.363042	1.28226	0.7283458
102	-1053.316	-1265.314	211.998	2.174544	0.778657	0.6867907
108	-1056.155	-1267.386	211.231	2.440261	1.187359	0.8126843
114	-1052.157	-1263.799	211.6416	2.35976	0.8031798	0.8839866
120	-1050.861	-1262.601	211.7392	2.497112	0.71019	0.7235531
126	-1040.041	-1251.519	211.4786	2.474836	0.9962327	0.6478333
132	-1040.732	-1252.629	211.897	2.272313	0.7908048	0.6649592
138	-1036.142	-1247.87	211.7284	2.225431	0.8707026	0.8489903
144	-1029.444	-1240.385	210.9413	2.107963	1.969693	0.8881446
150	-1019.883	-1231.087	211.204	2.225956	1.449473	0.8482508
156	-1023.813	-1235.102	211.2894	2.084383	1.299809	1.034321
162	-1018.029	-1229.343	211.3138	1.990889	1.384937	1.03521
168	-1034.195	-1245.653	211.4584	2.127263	1.292493	0.8077508
174	-1035.035	-1246.578	211.5438	2.105056	1.240943	0.7805611
180	-1039.377	-1250.832	211.4548	2.16879	1.183891	0.8749132
186	-1031.235	-1242.312	211.0762	2.00656	1.813328	0.9562111
192	-1035.475	-1246.509	211.0339	2.112837	1.813328	0.8862077
198	-1030.757	-1241.898	211.1419	2.23191	1.481633	0.8862077
204	-1040.725	-1251.812	211.0871	1.98773	1.341721	1.269057
210	-1047.964	-1259.168	211.204	1.945312	1.245416	1.272982
216	-1047.687	-1258.996	211.3089	1.936716	1.19348	1.230064
222	-1054.643	-1265.756	211.1129	1.898016	1.416381	1.273532
228	-1059.03	-1270.155	211.1242	1.726345	1.70857	1.233727
234	-1058.716	-1269.615	210.8988	1.914677	1.330279	1.48184
240	-1044.493	-1255.571	211.0787	2.10588	1.295132	1.208744
246	-1035.304	-1246.572	211.2679	2.025609	1.167688	1.208744
252	-1039.542	-1250.85	211.3073	1.960202	1.215267	1.195354
258	-1037.346	-1247.406	210.0598	1.797327	1.923839	1.870316
264	-1034.604	-1244.996	210.3918	1.733052	1.277956	1.996666
270	-1042.236	-1251.855	209.619	1.767092	1.545845	2.342686
276	-1040.433	-1250.637	210.2043	1.629364	1.122323	2.275471
282	-1043.696	-1254.768	211.0718	1.937198	1.223244	1.400282
288	-1052.042	-1262.237	210.1947	1.741834	1.369965	2.072169
294	-1042.389	-1251.848	209.4592	1.720357	1.815125	2.358718
300	-1046.079	-1255.799	209.7203	1.73606	1.108022	2.522141
306	-1050.02	-1259.441	209.4207	1.640099	1.666481	2.494756
312	-1037.697	-1248.758	211.061	2.023651	1.349067	1.256067
318	-1035.278	-1246.657	211.3784	2.320558	0.8913956	1.089975
324	-1038.679	-1250.283	211.6042	2.140774	0.9813694	0.9520885
330	-1025.143	-1236.678	211.5349	2.15263	1.015418	0.9762676
336	-1026.276	-1236.993	210.7174	2.154831	1.602196	1.275848
342	-1031.564	-1242.469	210.9047	2.104217	1.422867	1.271101
348	-1035.147	-1246.462	211.3148	2.033506	1.037629	1.26429
354	-1033.419	-1244.746	211.3265	2.025624	0.9632942	1.32178
360	-1045.017	-1255.51	210.4925	1.716265	2.021096	1.581865
366	-1050.643	-1261.08	210.4374	1.680742	2.148915	1.595039
372	-1054.727	-1264.168	209.4408	1.560307	1.863428	2.452271
378	-1046.901	-1255.676	208.7746	1.454124	2.777695	2.633458
384	-1040.011	-1249.852	209.8405	1.535326	1.445456	2.395997
390	-1052.333	-1263.319	210.9859	2.001157	0.8918698	1.654244
396	-1050.285	-1261.311	211.0256	2.001157	1.338343	1.310554
402	-1050.362	-1259.822	209.4607	1.499198	1.511904	2.62491
408	-1044.634	-1254.643	210.0087	1.395876	1.657719	2.281088
414	-1040.545	-1250.873	210.3284	1.533892	1.087577	2.277731
420	-1067.948	-1278.678	210.7303	1.808509	1.403559	1.641391
426	-1054.945	-1266.049	211.104	2.082393	1.45323	1.097382
432	-1035.567	-1246.098	210.5306	1.800947	1.517744	1.727933
438	-1030.207	-1240.357	210.1495	1.793765	1.49675	2.003813
444	-1033.069	-1243.908	210.8391	1.754773	1.471614	1.563881
450	-1042.696	-1252.321	209.6243	1.527382	1.929971	2.33132
456	-1039.986	-1250.664	210.6779	1.905987	1.769351	1.416082
462	-1040.645	-1251.022	210.377	1.984713	1.874524	1.533923
468	-1042.25	-1252.274	210.0237	1.741964	1.994009	1.904016
474	-1031.22	-1242.788	211.5689	2.029889	1.200699	0.8866134
480	-1031.507	-1242.239	210.7324	2.370692	2.164458	0.6474652
486	-1039.651	-1250.691	211.0405	2.309602	1.781594	0.5979688
492	-1032.131	-1243.249	211.1179	2.1879	1.777513	0.7007394
498	-1044.643	-1255.366	210.7232	2.50771	1.956372	0.6278191
504	-1047.789	-1257.693	209.9041	1.60926	2.460823	1.904108
510	-1055.294	-1265.764	210.4695	2.402531	2.683977	0.5523657
516	-1036.176	-1246.649	210.4733	2.267146	2.879327	0.6721971
522	-1055.088	-1266.327	211.2389	1.923979	1.110748	1.358158
528	-1053.599	-1264.628	211.0286	1.90737	1.439992	1.319914
534	-1036.579	-1246.899	210.3201	1.892798	2.672149	1.320424
540	-1045.113	-1256.358	211.2455	2.064223	1.31385	1.084108
546	-1037.908	-1248.606	210.6984	1.921003	1.274508	1.65779
552	-1046.805	-1258.17	211.3656	1.974393	1.274508	1.086077
558	-1043.103	-1254.228	211.1256	2.007801	1.392781	1.185641
564	-1034.319	-1245.327	211.0088	2.151445	1.738868	0.9247445
570	-1036.134	-1247.394	211.2601	2.123202	1.303587	1.021983
576	-1040.697	-1251.254	210.5567	2.152596	1.671723	1.368532
582	-1050.15	-1260.906	210.7565	2.152596	1.671723	1.20501
588	-1053.815	-1264.79	210.975	2.118414	1.516749	1.138971
594	-1045.433	-1256.014	210.5817	2.033968	1.91676	1.318292
600	-1039.061	-1250	210.9385	1.941461	1.556458	1.295896
606	-1036.879	-1247.242	210.3631	1.905744	1.644304	1.709202
612	-1034.682	-1245.247	210.5644	1.86034	1.835078	1.505229
618	-1035.964	-1246.639	210.675	1.86034	1.157973	1.787893
624	-1029.794	-1239.641	209.8472	1.796675	1.268631	2.31497
630	-1022.685	-1233.058	210.3734	1.783215	1.299598	1.963431
636	-1030.697	-1241.469	210.7715	1.769405	1.050946	1.85257
642	-1018.784	-1229.264	210.4803	1.8968	1.188537	1.87806
648	-1025.806	-1236.504	210.6977	1.8968	1.073908	1.800553
654	-1022.84	-1233.371	210.5314	1.754669	0.9675603	2.0791
660	-1024.03	-1234.773	210.7426	1.856234	1.437845	1.578819
666	-1031.344	-1242.075	210.7315	2.086411	1.452064	1.405965
672	-1034.824	-1246.056	211.2314	1.930842	1.452064	1.120145
678	-1043.565	-1254.399	210.8336	2.02577	1.757289	1.199014
684	-1047.279	-1258.517	211.2379	2.02577	1.066519	1.310735
690	-1029.927	-1240.882	210.9545	2.010665	1.331501	1.364155
696	-1026.067	-1237.08	211.0128	2.010665	1.286266	1.347135
702	-1026.652	-1237.482	210.8299	2.111852	1.416502	1.329589
708	-1022.42	-1232.7	210.2803	2.047532	1.616226	1.681103
714	-1040.795	-1251.28	210.4851	2.059556	1.423457	1.626199
720	-1043.654	-1254.136	210.4823	1.769671	1.729114	1.680807
726	-1042.687	-1253.883	211.1957	1.957872	1.067643	1.397143
732	-1041.734	-1252.549	210.8152	2.005593	1.667276	1.281349
738	-1048.964	-1259.818	210.8539	1.736355	1.589008	1.503542
744	-1038.929	-1248.645	209.7161	1.635624	1.186872	2.543018
750	-1055.692	-1266.434	210.7426	1.746536	1.077312	1.870766
756	-1039.823	-1250.615	210.7923	1.924361	0.9216915	1.82163
762	-1037.123	-1248.296	211.1738	1.731895	0.8061168	1.780051
768	-1037.853	-1248.354	210.501	1.843002	1.401726	1.780051
774	-1036.619	-1246.221	209.6017	1.80378	1.596887	2.307317
780	-1024.899	-1234.933	210.0337	1.699601	1.178442	2.307317
786	-1025.832	-1236.231	210.3998	1.694632	0.9752103	2.199005
792	-1016.171	-1226.791	210.6204	1.652797	1.404083	1.827787
798	-1021.684	-1232.645	210.961	1.718528	0.7653759	1.967588
804	-1022.909	-1233.91	211.0012	1.906599	1.358319	1.392309
810	-1021.265	-1232.651	211.3854	1.879378	0.9833951	1.374859
816	-1027.644	-1237.422	209.7778	1.879378	1.9404	1.998367
822	-1030.449	-1240.816	210.3672	1.792271	0.9854936	2.150002
828	-1037.537	-1246.787	209.2494	1.697127	1.030186	2.880525
834	-1036.189	-1245.382	209.1931	1.569192	1.231951	2.880525
840	-1054.579	-1266.008	211.4289	2.078372	1.092154	1.080007
846	-1046.954	-1258.097	211.143	2.112447	1.092154	1.297728
852	-1043.768	-1254.974	211.2052	2.152361	1.152409	1.16517
858	-1050.893	-1261.837	210.9435	1.96501	1.420235	1.353805
864	-1049.275	-1260.262	210.9862	1.718332	1.875852	1.266222
870	-1062.178	-1273.085	210.9077	1.602148	1.716945	1.498509
876	-1064.633	-1275.286	210.6532	1.9176	1.700552	1.460711
882	-1042.242	-1252.729	210.4862	1.867395	2.051911	1.460711
888	-1041.072	-1251.429	210.3574	1.829349	2.358718	1.460711
894	-1036.375	-1247.229	210.8545	1.874197	1.475891	1.460711
900	-1040.028	-1251.277	211.2484	1.920048	1.287388	1.227839
906	-1042.765	-1253.909	211.1434	1.938857	1.553061	1.125468
912	-1057.908	-1268.069	210.1606	1.562897	1.369476	2.211401
918	-1058.803	-1268.699	209.896	1.680254	1.646101	2.175501
924	-1050.542	-1259.933	209.391	1.670206	1.310559	2.658138
930	-1060.425	-1270.567	210.1424	1.615785	1.29284	2.228844
936	-1050.945	-1261.114	210.1694	1.698636	1.484205	2.059821
942	-1060.155	-1269.947	209.7923	1.672247	1.484205	2.321344
948	-1061.34	-1270.801	209.4613	1.459774	1.491726	2.657992
954	-1071.994	-1282.63	210.6361	1.487473	1.30027	1.985181
960	-1060.055	-1270.751	210.6959	1.534637	0.9576855	2.12216
966	-1057.257	-1267.51	210.2535	1.493838	0.9952648	2.407794
972	-1059.967	-1269.696	209.7288	1.982319	2.405614	1.787493
978	-1057.564	-1268.177	210.6128	1.700173	1.428154	1.787493
984	-1050.953	-1261.471	210.5183	1.713112	1.428154	1.843806
990	-1049.331	-1259.117	209.7862	1.6434	1.428154	2.37033
996	-1040.305	-1250.46	210.1545	1.642658	1.004632	2.37033
1002	-1046.422	-1256.945	210.5236	1.647057	1.070794	2.087996
1008	-1040.392	-1250.785	210.3928	1.855222	1.102251	2.017347
1014	-1057.201	-1267.137	209.9357	1.786111	1.910148	1.967421
1020	-1038.456	-1249.645	211.1895	1.941476	1.229414	1.299161
1026	-1038.773	-1249.888	211.1152	1.989209	1.260762	1.299161
1032	-1040.042	-1251.139	211.0967	1.874191	1.487737	1.262192
1038	-1044.436	-1255.459	211.0237	1.97784	1.403972	1.289097
1044	-1044.781	-1256.315	211.5334	1.844811	1.019005	1.25459
1050	-1057.123	-1267.144	210.0212	1.689998	1.27012	2.271149
1056	-1056.059	-1266.793	210.7347	1.768639	1.428029	1.653394
1062	-1041.103	-1251.205	210.1014	1.679541	1.286411	2.217546
1068	-1034.208	-1244.339	210.1303	1.633049	1.2412	2.253276
1074	-1037.146	-1247.214	210.0675	1.608369	1.673625	2.098261
1080	-1048.457	-1259.184	210.7274	1.737488	1.307876	1.747742
1086	-1036.42	-1247.163	210.7429	1.824266	1.200852	1.739251
1092	-1036.448	-1245.682	209.2339	1.373068	1.26748	2.956184
1098	-1031.573	-1241.029	209.4555	1.320954	1.163358	2.908152
1104	-1030.025	-1239.344	209.3192	1.284518	1.369664	2.908152
1110	-1035.21	-1244.767	209.5563	1.319044	1.10386	2.88115
1116	-1040.755	-1250.654	209.8985	1.325011	1.10386	2.668733
1122	-1034.708	-1243.642	208.9341	1.170548	1.10386	3.340441
1128	-1044.178	-1253.244	209.0663	1.315702	0.8340641	3.340441
1134	-1038.376	-1248.584	210.2078	1.542528	1.701113	2.03702
1140	-1037.478	-1248.112	210.6337	1.523917	0.8798174	2.223469
1146	-1043.109	-1253.848	210.7387	1.669049	1.187255	1.857924
1152	-1034.217	-1244.913	210.6956	1.719252	1.281647	1.797573
1158	-1045.352	-1256.56	211.2085	1.791648	1.273066	1.374217
1164	-1034.561	-1245.742	211.1814	1.791648	1.273066	1.39544
1170	-1046.068	-1256.734	210.6668	1.823065	1.205403	1.79042
1176	-1042.384	-1252.821	210.4369	1.681893	1.630122	1.82066
1182	-1046.526	-1258.248	211.7219	1.791903	0.8121992	1.324716
1188	-1032.944	-1244.009	211.0655	1.880102	1.539899	1.251621
1194	-1037.059	-1247.774	210.7152	1.962497	2.104716	1.174679
1200	-1034.905	-1245.836	210.9307	1.955409	1.759501	1.174679
1206	-1022.614	-1233.607	210.9934	1.763211	1.441818	1.458935
1212	-1025.922	-1235.938	210.016	1.628837	1.786704	2.069808
1218	-1029.398	-1239.85	210.4516	1.579394	1.619425	1.885874
1224	-1030.704	-1240.556	209.8522	1.554876	1.418291	2.389333
1230	-1031.682	-1241.956	210.2746	1.793477	1.438447	1.949403
1236	-1036.042	-1246.793	210.7508	1.619521	1.743406	1.588864
1242	-1032.569	-1243.686	211.1175	1.740668	1.141308	1.568517
1248	-1034.271	-1245.514	211.2431	1.967922	1.141308	1.297058
1254	-1040.319	-1251.541	211.2224	1.831111	1.325713	1.297058
1260	-1042.262	-1252.897	210.6341	1.750008	2.354958	1.307658
1266	-1037.051	-1248.358	211.307	2.026393	1.328975	1.050268
1272	-1038.805	-1250.101	211.2952	1.994155	1.328975	1.091605
1278	-1037.688	-1249.26	211.5719	1.839744	1.249073	1.038521
1284	-1029.582	-1240.424	210.842	1.92923	2.266724	1.006107
1290	-1039.66	-1250.521	210.861	1.856994	1.300852	1.57061
1296	-1032.371	-1243.181	210.8093	1.809719	1.525307	1.516031
1302	-1069.198	-1280.338	211.1399	2.04275	1.129233	1.328902
1308	-1054.568	-1265.812	211.2442	2.097719	1.129233	1.196956
1314	-1051.13	-1262.122	210.9921	1.85905	0.966598	1.69486
1320	-1051.316	-1262.519	211.2037	1.78098	1.481357	1.254729
1326	-1042.363	-1253.453	211.0902	1.933848	1.547732	1.180264
1332	-1044.112	-1255.799	211.6877	1.801391	0.7251838	1.427268
1338	-1045.395	-1256.266	210.8717	1.783686	1.200727	1.676983
1344	-1054.678	-1265.957	211.2792	1.878672	1.369438	1.180264
1350	-1036.771	-1246.925	210.1536	1.877961	1.427722	1.979336
1356	-1040.435	-1250.842	210.4073	1.889654	1.282673	1.878014
1362	-1048.637	-1259.439	210.8021	1.945242	1.201537	1.610346
1368	-1043.108	-1254.217	211.1094	1.952278	1.201537	1.373783
1374	-1039.049	-1250.046	210.9971	2.040031	1.180041	1.407597
1380	-1050.64	-1261.644	211.0044	1.767869	1.125165	1.641565
1386	-1060.903	-1271.904	211.0006	1.766679	1.165548	1.618902
1392	-1048.864	-1260.266	211.4017	2.167675	1.113345	1.001217
1398	-1054.848	-1266.5	211.6524	2.26202	0.7307132	1.064447
1404	-1051.928	-1263.072	211.1436	2.287707	1.336927	0.9456584
1410	-1050.577	-1261.429	210.8519	2.184349	1.250744	1.360507
1416	-1059.676	-1270.903	211.2261	2.184349	1.190727	1.08708
1422	-1054.346	-1265.807	211.4612	2.138693	1.091521	0.9910081
1428	-1048.872	-1260.631	211.7587	2.2307	0.9514679	0.6681052
1434	-1049.556	-1260.853	211.2967	1.998896	1.501771	0.955559
1440	-1057.381	-1268.469	211.0876	1.923027	1.09709	1.485376
1446	-1056.026	-1267.101	211.0754	1.939223	1.433102	1.259899
1452	-1051.796	-1262.973	211.1764	2.069229	1.50654	1.00302
1458	-1053.293	-1264.478	211.1854	2.087695	1.562873	0.9325176
1464	-1047.821	-1259.167	211.3458	2.104895	1.115444	1.112185
1470	-1048.211	-1259.197	210.986	1.875678	1.940814	1.095387
1476	-1038.774	-1249.746	210.9717	1.875678	1.635537	1.277303
1482	-1033.045	-1243.931	210.8862	1.921692	1.635537	1.309492
1488	-1047.233	-1258.208	210.9757	1.921692	1.725531	1.184199
1494	-1068.012	-1279.747	211.7342	1.882801	0.8427325	1.210479
1500	-1040.271	-1251.5	211.2293	2.353881	1.452884	0.5818534
1506	-1044.45	-1255.324	210.8741	2.16185	2.040289	0.8552376
1512	-1038.932	-1249.975	211.0427	2.097806	1.449065	1.141669
1518	-1039.041	-1250.335	211.2934	2.097806	1.254451	1.053729
1524	-1049.736	-1259.988	210.2522	1.78031	1.0077	2.21792
1530	-1042.369	-1253.874	211.5045	1.891796	0.9084348	1.332581
1536	-1040.555	-1252.251	211.6957	2.14231	0.9084348	0.9340275
1542	-1043.72	-1255.415	211.6957	2.14231	0.9084348	0.9340275
1548	-1057.666	-1268.961	211.2953	2.158849	1.322124	0.9340275
1554	-1049.966	-1261.104	211.1385	1.954628	1.551166	1.116921
1560	-1035.576	-1247.073	211.4969	2.058842	1.02876	1.091339
1566	-1046.21	-1257.322	211.1117	2.016788	1.070986	1.41413
1572	-1045.079	-1256.036	210.9564	2.124432	1.910089	0.8929279
1578	-1046.689	-1257.877	211.1879	2.111766	1.567329	0.8997952
1584	-1047.475	-1259.001	211.5266	2.222466	1.09234	0.8233803
1590	-1052.884	-1263.961	211.0773	1.922025	1.310104	1.350761
1596	-1043.581	-1254.857	211.2767	1.978848	0.9984092	1.370267
1602	-1039.762	-1250.666	210.9035	1.978848	1.152397	1.543324
1608	-1029.365	-1240.098	210.7329	2.109554	1.413983	1.409352
1614	-1036.685	-1247.42	210.7347	1.986461	1.413983	1.501779
1620	-1037.147	-1247.523	210.3765	2.006309	1.413983	1.746408
1626	-1044.89	-1255.501	210.6112	2.043316	1.4601	1.525393
1632	-1041.427	-1250.787	209.3603	1.704134	1.388283	2.617933
1638	-1052.512	-1262.08	209.5684	1.799006	1.057922	2.606708
1644	-1050.02	-1261.875	211.855	1.962248	0.8342638	1.038558
1650	-1046.681	-1258.359	211.6778	2.045322	0.8594624	1.100214
1656	-1048.032	-1259.512	211.4801	1.932112	1.079628	1.176019
1662	-1030.562	-1240.772	210.2099	1.817307	1.257726	2.072577
1668	-1020.513	-1230.997	210.4844	1.834043	1.47302	1.760165
1674	-1025.819	-1236.264	210.4454	1.680257	1.365049	1.948858
1680	-1021.85	-1230.463	208.613	1.626208	1.102151	3.262094
1686	-1019.592	-1229.072	209.4806	1.429517	1.447686	2.684929
1692	-1016.304	-1225.901	209.5963	1.628868	1.529462	2.451837
1698	-1027.308	-1237.399	210.0905	1.65173	1.621653	2.077951
1704	-1021.897	-1232.361	210.4642	1.716408	1.621653	1.781916
1710	-1032.187	-1241.792	209.6046	1.609352	1.424018	2.507901
1716	-1027.351	-1237.32	209.9697	1.590908	1.124468	2.447432
1722	-1028.6	-1239.127	210.5269	1.48146	1.030132	2.219228
1728	-1027.89	-1238.27	210.3797	1.488402	1.181299	2.219228
1734	-1025.466	-1235.871	210.4049	1.689347	1.181299	2.071773
1740	-1018.623	-1229.079	210.4564	1.566228	1.864131	1.781522
1746	-1027.832	-1238.237	210.4053	1.691001	1.670869	1.817049
1752	-1020.679	-1230.8	210.121	1.735605	1.188162	2.222726
1758	-1027.06	-1237.502	210.442	1.724154	1.188162	2.020191
1764	-1052.217	-1262.026	209.8082	1.815835	1.242855	2.341438
1770	-1041.616	-1251.47	209.8547	1.718248	1.18555	2.40517
1776	-1039.378	-1249.144	209.7658	1.579275	1.46716	2.40517
1782	-1034.676	-1244.829	210.1538	1.695065	0.9115698	2.398457
1788	-1026.813	-1236.999	210.1851	1.677783	1.39554	2.107415
1794	-1025.226	-1236.084	210.8579	1.979074	1.393833	1.425645
1800	-1049.126	-1259.931	210.805	2.158599	1.448508	1.292284
1806	-1053.808	-1264.287	210.479	1.859447	1.363255	1.804749
1812	-1042.674	-1252.897	210.2229	1.439186	1.041829	2.432572
1818	-1046.136	-1255.418	209.2818	1.365799	1.915853	2.652085
1824	-1036.33	-1246.496	210.1661	1.711977	1.463941	2.063182
1830	-1037.762	-1248.181	210.4194	1.578838	0.9388513	2.285093
1836	-1038.219	-1248.383	210.1637	1.725419	1.427932	2.073839
1842	-1030.779	-1241.412	210.6325	1.942606	1.427932	1.601603
1848	-1023.5	-1234.069	210.5688	2.078849	1.427932	1.548513
1854	-1019.299	-1229.868	210.5688	2.078849	1.427932	1.548513
1860	-1023.162	-1233.731	210.5688	2.078849	1.427932	1.548513
1866	-1027.382	-1237.951	210.5688	2.078849	1.427932	1.548513
1872	-1037.063	-1247.632	210.5688	2.078849	1.427932	1.548513
1878	-1034.724	-1245.293	210.5688	2.078849	1.427932	1.548513
1884	-1043.44	-1254.078	210.6376	1.740161	1.413809	1.749997
1890	-1039.524	-1249.828	210.3037	1.921189	1.656481	1.734327
1896	-1031.394	-1242.275	210.8808	1.901664	1.629722	1.333157
1902	-1027.9	-1238.469	210.5688	2.078849	1.427932	1.548513
1908	-1036.911	-1247.48	210.5688	2.078849	1.427932	1.548513
1914	-1033.713	-1244.282	210.5688	2.078849	1.427932	1.548513
1920	-1052.098	-1263.345	211.2471	2.050127	1.276384	1.123683
1926	-1054.244	-1265.589	211.3454	1.86938	1.4773	1.05405
1932	-1029.947	-1240.523	210.5761	1.812077	1.646061	1.62308
1938	-1040.261	-1250.268	210.0075	1.630449	1.964668	2.001545
1944	-1041.229	-1251.656	210.4275	1.669588	1.482782	1.907415
1950	-1046.905	-1256.221	209.3166	1.565474	1.750818	2.571204
1956	-1055.656	-1264.939	209.2824	1.716711	1.360641	2.671594
1962	-1057.977	-1268.93	210.9531	1.806546	1.201749	1.601321
1968	-1042.462	-1254.028	211.5666	1.86809	0.9336187	1.279797
1974	-1039.023	-1250.396	211.3731	2.258916	1.179686	0.8694087
1980	-1029.693	-1241.415	211.7219	1.956168	0.9089913	1.091677
1986	-1035.999	-1247.808	211.809	2.152842	0.9089913	0.7847119
1992	-1032.194	-1243.754	211.5597	1.84486	0.9151545	1.320191
1998	-1022.822	-1233.529	210.707	1.836725	1.413246	1.63247
2004	-1032.913	-1244.118	211.2049	2.152842	0.967778	1.313505
2010	-1038.456	-1249.808	211.3521	1.797658	0.9639009	1.478718
2016	-1037.536	-1247.791	210.2549	1.675111	1.083583	2.236701
2022	-1022.943	-1233.632	210.6894	1.743743	1.19183	1.837727
2028	-1035.696	-1246.464	210.768	1.645756	1.001866	1.97123
2034	-1023.652	-1234.473	210.821	1.593993	0.8900227	2.048114
2040	-1033.054	-1242.715	209.6612	1.449758	1.195683	2.687126
2046	-1040.391	-1250.046	209.6558	1.387026	0.9904677	2.846071
2052	-1037.094	-1247.057	209.9621	1.426858	1.245884	2.488037
2058	-1036.451	-1245.46	209.0093	1.427854	1.028207	3.186696
2064	-1040.675	-1251.277	210.6014	1.469255	1.023962	2.182804
2070	-1040.969	-1251.705	210.7356	1.709122	1.14724	1.856946
2076	-1044.417	-1255.406	210.9895	1.912613	1.14724	1.532135
2082	-1043.699	-1255.355	211.6554	1.682111	0.7448624	1.523218
2088	-1045.913	-1257.467	211.5543	1.780022	0.7652381	1.506929
2094	-1054.987	-1265.026	210.039	1.668886	0.837389	2.538312
2100	-1056.437	-1267.598	211.1609	1.968516	1.033692	1.441054
2106	-1045.214	-1255.631	210.4164	1.977957	1.442496	1.723007
2112	-1048.826	-1259.517	210.6909	1.879088	1.424172	1.607424
2118	-1043.226	-1254.04	210.8143	1.763852	1.413585	1.607424
2124	-1050.865	-1262.058	211.1927	1.905941	0.8643107	1.595643
2130	-1044.705	-1255.762	211.0572	1.89518	0.8147209	1.740404
2136	-1049.148	-1260.356	211.2083	2.047533	0.7611301	1.568755
2142	-1046.235	-1257.605	211.3695	1.87398	0.8793115	1.475878
2148	-1054.595	-1265.416	210.8219	1.868226	1.361568	1.555191
2154	-1046.857	-1257.627	210.77	1.717425	1.034246	1.900052
2160	-1035.457	-1246.763	211.3064	1.884807	1.069883	1.365971
2166	-1031.399	-1242.803	211.4039	2.014794	1.062422	1.184553
2172	-1025.069	-1236.739	211.6695	1.918628	0.946869	1.136908
2178	-1040.728	-1251.964	211.236	1.845634	1.385747	1.234438
2184	-1043.957	-1255.604	211.6471	1.845634	0.8781366	1.281193
2190	-1037.957	-1249.632	211.6751	1.943745	0.7690095	1.281193
2196	-1032.13	-1243.773	211.6431	1.839626	0.8872575	1.281193
2202	-1038.363	-1250.082	211.7184	2.080078	0.8571285	1.031711
2208	-1041.712	-1253.666	211.954	2.011364	0.8032516	0.9241244
2214	-1042.083	-1253.934	211.8509	2.004212	0.7282518	1.121954
2220	-1045.169	-1256.81	211.6405	1.94818	1.077722	1.015098
2226	-1047.955	-1259.232	211.2769	1.989847	1.040058	1.328698
2232	-1041.34	-1253.079	211.7389	2.112842	1.040058	0.7508173
2238	-1036.181	-1247.843	211.6622	2.207223	0.888451	0.9234582
2244	-1049.106	-1259.188	210.0822	1.798215	1.21585	2.191765
2250	-1037.381	-1249.306	211.9251	2.210509	0.7421769	0.8102361
2256	-1033.292	-1245.239	211.9473	2.210509	0.7245323	0.8102361
2262	-1031.28	-1242.945	211.6651	2.231511	0.952764	0.8102361
2268	-1023.961	-1235.634	211.6726	2.245311	0.952764	0.7815726
2274	-1046.195	-1257.248	211.0529	2.244527	1.483765	0.9674138
2280	-1029.576	-1241.795	212.2187	2.187335	0.5543856	0.7954659
2286	-1024.566	-1236.08	211.5136	2.150746	0.9676608	1.046805
2292	-1023.351	-1235.037	211.6862	2.091264	0.8649123	1.043595
2298	-1026.484	-1238.218	211.734	2.276384	0.8651213	0.7840205
2304	-1025.438	-1236.976	211.5382	2.247941	1.091734	0.7746122
2310	-1024.563	-1236.16	211.5973	2.375049	0.9060087	0.7746122
2316	-1030.916	-1242.553	211.6374	2.406228	0.9205574	0.6192934
2322	-1035.33	-1246.585	211.2553	2.546581	1.188994	0.5641236
2328	-1042.899	-1254.042	211.1432	2.591576	1.188994	0.7188159
2334	-1058.584	-1269.494	210.9105	1.64415	1.09724	1.81294
2340	-1046.999	-1257.792	210.793	1.773339	1.259609	1.704476
2346	-1044.567	-1255.153	210.586	1.886075	1.37574	1.704476
2352	-1049.646	-1260.245	210.5986	1.766903	0.9098429	2.066611
2358	-1040.128	-1250.419	210.2909	1.76441	1.33091	2.014137
2364	-1044.15	-1255.227	211.0772	2.490935	1.485817	0.537084
2370	-1034.578	-1246.136	211.5579	2.37512	1.020857	0.6386728
2376	-1021.598	-1233.084	211.4851	2.544036	0.9326306	0.6236439
2382	-1041.773	-1251.908	210.1352	1.741095	1.519232	2.03734
2388	-1037.618	-1247.093	209.4742	1.857275	1.763968	2.282778
2394	-1042.711	-1254.212	211.501	2.376163	1.109077	0.5478982
2400	-1035.782	-1246.017	210.2355	1.676626	2.091282	1.764756
2406	-1034.532	-1243.364	208.832	1.597157	1.466882	2.968385
2412	-1030.162	-1238.84	208.6775	1.863453	1.730896	2.788923
2418	-1027.286	-1236.469	209.1826	1.803183	1.438564	2.642644
2424	-1041.932	-1253.598	211.6663	2.449688	0.8761663	0.5131817
2430	-1034.952	-1246.648	211.6956	2.449688	0.8498898	0.4859664
2436	-1029.684	-1241.042	211.3577	2.646845	0.9558862	0.3933381
2442	-1026.063	-1237.098	211.0345	2.646845	1.308961	0.3933381
2448	-1026.584	-1237.547	210.9629	2.803478	1.189404	0.3677597
2454	-1027.916	-1239.027	211.1101	2.8076	1.02977	0.3727696
2460	-1033.041	-1244.368	211.3267	2.8076	0.8060709	0.3442663
2466	-1027.065	-1238.178	211.1124	2.8076	1.010556	0.3510427
2472	-1051.783	-1263.602	211.8191	2.064425	0.9174885	0.8721391
2478	-1044.739	-1256.693	211.9538	2.064425	0.7699966	0.9097551
2484	-1046.342	-1257.747	211.4052	2.585384	0.9864902	0.4349311
2490	-1047.45	-1258.911	211.4613	2.585384	0.9320962	0.4349311
2496	-1047.029	-1258.319	211.2901	2.650511	1.042206	0.4561319
2502	-1044.535	-1256.011	211.4757	2.691649	0.8259117	0.4488013
2508	-1046.899	-1258.297	211.3979	2.749477	0.8259117	0.3951849
2514	-1047.096	-1257.132	210.0356	1.770469	2.382478	1.729401
2520	-1047.614	-1258.817	211.2026	2.047443	1.202904	1.219375
2526	-1050.449	-1261.511	211.062	2.305909	1.007647	1.272374
2532	-1043.336	-1253.858	210.5218	2.046211	2.200873	1.223105
2538	-1045.516	-1256.385	210.8699	2.249447	1.610993	1.053492
2544	-1047.129	-1258.21	211.0813	2.119363	1.488305	1.059704
2550	-1039.035	-1249.988	210.9532	2.049111	1.481119	1.240151
2556	-1054.498	-1265.297	210.7986	1.98676	1.667532	1.310103
2562	-1036.9	-1247.651	210.7509	1.990921	1.147415	1.64895
2568	-1031.558	-1242.245	210.6873	2.037235	1.166648	1.64895
2574	-1036.072	-1246.159	210.0871	1.895491	1.241329	2.111026
2580	-1039.173	-1248.656	209.4831	1.735994	1.428969	2.502383
2586	-1033.049	-1242.715	209.6651	1.524952	1.155716	2.660224
2592	-1029.692	-1239.401	209.7085	1.540881	1.641239	2.386982
2598	-1026.955	-1236.91	209.9545	1.755363	1.645403	2.088507
2604	-1036.633	-1245.331	208.6984	1.608981	2.091452	2.79741
2610	-1043.552	-1253.711	210.1586	1.979471	1.666317	1.790244
2616	-1049.28	-1259.702	210.4222	1.955434	1.025121	1.980019
2622	-1024.696	-1234.858	210.162	1.843833	1.416036	2.002489
2628	-1034.137	-1243.235	209.0977	1.830386	2.193424	2.377399
2634	-1039.154	-1249.587	210.4331	1.726207	1.256115	1.985808
2640	-1024.568	-1234.348	209.7799	1.560857	1.722388	2.294196
2646	-1032.75	-1241.842	209.0921	1.670114	1.593783	2.710543
2652	-1032.88	-1242.516	209.6363	1.666328	1.48385	2.424095
2658	-1030.023	-1239.708	209.6849	1.643234	1.449692	2.424095
2664	-1037.714	-1246.978	209.2637	1.754669	1.710191	2.502972
2670	-1056.92	-1268.428	211.508	2.202795	1.206306	0.7330655
2676	-1051.732	-1263.4	211.6673	2.062612	1.098157	0.8406013
2682	-1053.895	-1264.27	210.375	2.095424	1.467684	1.655551
2688	-1067.665	-1278.133	210.4681	2.002318	1.467684	1.655551
2694	-1047.584	-1258.617	211.0333	1.923964	1.377714	1.341241
2700	-1048.425	-1259.73	211.3053	1.829825	1.377457	1.194457
2706	-1050.982	-1262.152	211.1705	1.828891	1.187638	1.431559
2712	-1052.856	-1264.823	211.967	1.984899	0.6788761	1.092156
2718	-1049.021	-1260.36	211.3388	1.759989	0.6788761	1.756211
2724	-1047.244	-1258.6	211.3558	1.750764	0.6730317	1.756211
2730	-1050.833	-1261.663	210.8298	1.948573	2.085318	1.094471
2736	-1044.467	-1255.052	210.5848	2.041687	2.266948	1.141603
2742	-1052.924	-1264.161	211.2369	1.874867	1.324008	1.250258
2748	-1041.541	-1252.483	210.9419	1.793801	1.620144	1.37542
2754	-1050.441	-1260.801	210.3606	1.795742	2.322193	1.498006
2760	-1033.208	-1244.055	210.8463	1.869925	1.96597	1.210627
2766	-1034.429	-1245.457	211.0283	2.064972	1.511601	1.142443
2772	-1059.859	-1269.737	209.8784	1.72863	1.850958	2.067932
2778	-1051.237	-1260.752	209.5144	1.72863	1.214309	2.595663
2784	-1047.224	-1258.377	211.1529	2.040491	1.675447	0.9344055
2790	-1048.011	-1258.919	210.9078	2.051543	2.05201	0.9344055
2796	-1051.813	-1263.379	211.5665	2.185296	1.210773	0.6521532
2802	-1050.348	-1261.484	211.1362	2.123967	0.8576102	1.481464
2808	-1039.738	-1250.65	210.9126	2.168673	1.02856	1.481464
2814	-1039.304	-1250.431	211.1278	2.077799	1.286097	1.197154
2820	-1043.569	-1255.367	211.7974	2.291972	0.855976	0.673989
2826	-1042.527	-1253.854	211.3272	2.2293	1.330093	0.8057872
2832	-1042.507	-1253.691	211.1837	2.204457	1.300245	1.019972
2838	-1042.845	-1253.964	211.119	2.254869	1.57814	0.8001924
2844	-1043.314	-1254.767	211.4531	2.240615	1.187495	0.7824496
2850	-1036.543	-1248.553	212.0109	2.232063	0.6950421	0.7439965
2856	-1043.436	-1255.338	211.9014	2.245465	0.7713834	0.7439965
2862	-1044.572	-1256.058	211.4865	2.268476	1.196923	0.6703455
2868	-1052.296	-1264.044	211.748	2.268476	0.9091183	0.7007354
2874	-1052.595	-1264.287	211.692	2.323651	0.825925	0.835235
2880	-1050.861	-1262.579	211.7173	2.362771	0.8607988	0.6815347
2886	-1048.543	-1260.253	211.7095	2.36332	0.880781	0.6517385
2892	-1047.382	-1257.176	209.7943	1.916104	1.594527	2.111266
2898	-1050.006	-1260.092	210.0862	1.867267	1.686915	1.907264
2904	-1074.203	-1286.397	212.1934	2.052477	0.4502536	1.142639
2910	-1056.424	-1267.332	210.9081	2.505142	1.277907	1.013405
2916	-1067.585	-1278.449	210.864	2.193543	1.727141	1.037394
2922	-1070.296	-1281.74	211.4436	2.072759	1.116471	1.050187
2928	-1073.221	-1284.799	211.5776	1.982597	1.179408	0.949522
2934	-1073.237	-1283.082	209.8448	1.823913	1.469203	2.197366
2940	-1064.15	-1275.472	211.3222	1.922569	1.054815	1.334921
2946	-1052.401	-1263.833	211.4326	1.748314	0.8730632	1.527971
2952	-1045.981	-1256.862	210.8808	1.771661	1.092135	1.748228
2958	-1052.667	-1263.587	210.9202	1.532199	1.165755	1.840361
2964	-1072.473	-1283.106	210.6335	1.895076	1.151555	1.796542
2970	-1059.142	-1269.357	210.2146	1.798799	1.326532	2.044253
2976	-1056.523	-1266.998	210.4751	1.94548	1.470462	1.689623
2982	-1048.182	-1257.749	209.5677	1.388365	1.14597	2.808778
2988	-1053.192	-1261.152	207.96	1.339488	1.325582	3.697961
2994	-1045.901	-1256.024	210.1232	1.84387	1.551641	1.961242
3000	-1050.244	-1260.2	209.9565	1.345133	1.129906	2.605781
3006	-1047.538	-1257.628	210.0893	1.749831	1.330783	2.156386
3012	-1044.493	-1255.134	210.641	1.553768	0.9878528	2.125454
3018	-1043.823	-1254.106	210.2828	1.610195	1.084904	2.259685
3024	-1034.884	-1244.712	209.8278	1.576618	0.9545357	2.647433
3030	-1058.312	-1268.802	210.4892	1.806609	1.556251	1.733536
3036	-1052.875	-1263.119	210.2437	1.820405	1.581407	1.881398
3042	-1055.265	-1265.516	210.2506	1.8321	1.68417	1.820217
3048	-1056.967	-1267.583	210.6162	1.776324	1.363625	1.767046
3054	-1054.85	-1266.216	211.3657	1.534693	0.783277	1.802538
3060	-1068.149	-1277.542	209.3929	1.520921	1.511713	2.653433
3066	-1051.931	-1262.185	210.2535	1.463749	0.9772053	2.438228
3072	-1065.626	-1275.315	209.6889	1.491902	1.102522	2.695758
3078	-1048.885	-1259.361	210.4765	1.491902	1.36907	2.051625
3084	-1031.53	-1241.244	209.7146	1.693453	1.638022	2.287465
3090	-1036.415	-1246.417	210.0019	1.826832	1.107353	2.287465
3096	-1033.068	-1242.699	209.6312	1.676895	1.788886	2.287465
3102	-1030.2	-1239.653	209.4535	1.745984	2.013964	2.268941
3108	-1022.037	-1231.862	209.8249	1.678074	1.733968	2.184871
3114	-1034.217	-1242.247	208.0298	1.517154	2.13018	3.240249
3120	-1050.165	-1258.491	208.3263	1.475883	1.527614	3.314745
3126	-1039.891	-1249	209.1089	1.643461	1.793567	2.634465
3132	-1039.923	-1249.032	209.1089	1.643461	1.793567	2.634465
3138	-1045.629	-1254.585	208.9567	1.643461	2.044499	2.634465
3144	-1046.391	-1255.348	208.9567	1.643461	2.044499	2.634465
3150	-1046.576	-1255.532	208.9567	1.643461	2.044499	2.634465
3156	-1038.663	-1247.967	209.3037	1.740659	1.498692	2.578673
3162	-1047.638	-1257.489	209.8504	1.659557	1.705814	2.192367
3168	-1051.94	-1260.274	208.3333	1.539629	1.641013	3.225895
3174	-1048.714	-1259.159	210.445	1.577512	1.711986	1.848851
3180	-1043.761	-1252.821	209.0603	1.597315	2.333796	2.500536
3186	-1031.967	-1242.089	210.1224	1.714341	1.465324	2.089719
3192	-1034.529	-1244.728	210.199	1.911457	1.145217	2.082279
3198	-1044.745	-1254.715	209.9695	1.95562	1.477989	2.025101
3204	-1053.276	-1264.303	211.0267	2.072255	1.360703	1.236397
3210	-1060.924	-1271.723	210.7993	1.773062	1.546493	1.539336
3216	-1047.315	-1258.294	210.9786	2.050598	1.448472	1.23804
3222	-1052.595	-1262.157	209.5619	1.423843	1.203993	2.75936
3228	-1055.177	-1265.433	210.2564	1.686376	1.13614	2.197028
3234	-1044.408	-1256.19	211.7815	2.223904	0.6792457	1.04133
3240	-1039.663	-1250.715	211.0524	2.137057	1.170677	1.293245
3246	-1043.023	-1254.427	211.4041	2.022703	0.9667305	1.257854
3252	-1041.829	-1253.227	211.3983	2.071694	0.8745473	1.302903
3258	-1044.945	-1255.804	210.8586	2.071694	0.9115805	1.679613
3264	-1058.294	-1268.858	210.564	1.969064	1.595867	1.542546
3270	-1035.097	-1245.904	210.8064	2.136947	1.412287	1.330954
3276	-1035.617	-1246.32	210.7025	2.034136	1.559329	1.408036
3282	-1036.385	-1247.084	210.6991	2.248019	1.559329	1.238767
3288	-1038.433	-1249.931	211.4979	2.082511	1.070756	1.029696
3294	-1046.671	-1255.155	208.4837	1.717453	1.585461	3.053605
3300	-1047.435	-1256.589	209.1544	1.573238	1.649251	2.708271
3306	-1034.282	-1243.56	209.2787	1.57636	1.649251	2.629821
3312	-1047.152	-1256.658	209.5052	1.455519	2.830616	2.155431
3318	-1043.981	-1254.099	210.1183	1.697619	1.50996	2.081692
3324	-1045.835	-1256.506	210.6713	1.937602	1.853183	1.354926
3330	-1045.741	-1256.581	210.8399	1.621547	0.8230491	2.067044
3336	-1039.14	-1249.334	210.194	1.732116	1.283787	2.124695
3342	-1048.74	-1259.889	211.1488	1.794523	1.187482	1.474436
3348	-1037.51	-1248.191	210.6811	1.802146	1.365508	1.70225
3354	-1041.004	-1251.055	210.0517	1.916947	1.617389	1.929078
3360	-1027.675	-1237.101	209.4262	1.711264	1.731496	2.419422
3366	-1031.065	-1241.887	210.8225	1.870124	1.983717	1.221741
3372	-1035.43	-1246.021	210.5919	1.819266	2.034049	1.42455
3378	-1035.127	-1245.438	210.3112	1.826565	2.034049	1.628
3384	-1029.57	-1239.818	210.2474	1.920758	1.639534	1.782046
3390	-1038.112	-1248.027	209.9149	1.699635	1.690607	2.130974
3396	-1035.543	-1244.886	209.3424	1.947017	1.943473	2.237957
3402	-1040.214	-1250.011	209.7972	1.928102	1.743222	2.035209
3408	-1036.717	-1246.692	209.9757	2.133861	1.438891	1.92122
3414	-1033.668	-1243.524	209.8566	2.031155	1.438891	2.069208
3420	-1030.282	-1240.002	209.72	1.926539	1.651131	2.1275
3426	-1045.221	-1254.964	209.743	1.879248	1.112653	2.415452
3432	-1036.407	-1246.321	209.9147	1.796106	1.379665	2.214428
3438	-1040.234	-1250.612	210.3775	1.74905	0.9660129	2.184342
3444	-1049.492	-1260.837	211.3451	1.680767	0.8306281	1.67547
3450	-1059.389	-1269.145	209.756	1.561285	1.251873	2.529643
3456	-1047.002	-1253.1	206.0978	1.476917	1.134087	4.769607
3462	-1040.415	-1249.845	209.4295	1.615964	1.267555	2.689614
3468	-1037.845	-1247.494	209.6489	1.768916	1.267555	2.458556
3474	-1030.806	-1241.789	210.9824	1.790538	1.342052	1.505188
3480	-1035.717	-1246.221	210.5039	1.697089	1.909466	1.635712
3486	-1035.258	-1245.704	210.4457	1.689207	3.125433	1.221286
3492	-1028.594	-1238.979	210.3851	1.846735	2.486459	1.376182
3498	-1033.109	-1243.976	210.8674	2.066312	1.825293	1.094525
3504	-1036.169	-1247.591	211.4223	2.328821	1.176358	0.71024
3510	-1052.301	-1262.673	210.3721	2.356939	1.905557	1.230602
3516	-1034.411	-1244.351	209.9407	2.036226	1.519282	1.970307
3522	-1036.237	-1246.782	210.5449	2.367358	2.499778	0.6807167
3528	-1050.888	-1261.979	211.0911	2.042582	1.843634	0.8793573
3534	-1034.918	-1244.14	209.2226	1.806157	1.33726	2.664834
3540	-1040.609	-1250.004	209.3946	1.903681	1.594149	2.376679
3546	-1043.538	-1254.291	210.7533	2.132529	0.9692718	1.668271
3552	-1041.255	-1251.025	209.7702	1.80309	1.353978	2.315667
3558	-1053.157	-1264.129	210.9727	2.099992	0.7895214	1.676345
3564	-1052.909	-1263.208	210.2994	2.097582	1.610093	1.634578
3570	-1046.269	-1257.07	210.8007	2.082558	0.9867099	1.657402
3576	-1049.451	-1260.207	210.7562	2.219128	1.637059	1.168103
3582	-1048.386	-1259.308	210.9218	1.898798	0.9852439	1.703089
3588	-1056.292	-1267.596	211.3041	1.826612	1.303405	1.248417
3594	-1039.298	-1250.14	210.8418	2.200604	1.317324	1.311634
3600	-1037.587	-1248.552	210.9647	2.375863	1.394931	0.9921906
3606	-1052.129	-1263.468	211.3389	2.205273	1.237038	0.9128967
3612	-1053.752	-1265.036	211.2841	2.183796	0.9724211	1.2185
3618	-1044.691	-1255.631	210.9397	1.996156	1.127783	1.520165
3624	-1045.367	-1255.815	210.4483	2.013571	1.600152	1.592644
3630	-1044.721	-1255.587	210.8659	2.233803	1.218966	1.331595
3636	-1045.832	-1257.038	211.2051	2.179408	1.211153	1.094547
3642	-1037.643	-1248.887	211.2445	2.211536	1.224343	1.015765
3648	-1060.108	-1270.874	210.7664	2.234728	1.458839	1.254972
3654	-1059.812	-1269.873	210.0615	2.05611	1.372484	1.950376
3660	-1046.788	-1256.72	209.9318	1.931087	1.321801	2.145652
3666	-1038.434	-1248.85	210.4165	2.122118	1.321801	1.687775
3672	-1041.783	-1252.675	210.8914	1.907254	1.321801	1.498143
3678	-1044.54	-1255.468	210.9285	1.907254	1.141899	1.584576
3684	-1045.021	-1255.253	210.2319	1.852552	1.476001	1.91933
3690	-1036.906	-1246.265	209.3588	1.704448	1.47923	2.575865
3696	-1043.088	-1251.333	208.2445	1.547058	1.64652	3.2717
3702	-1047.758	-1256.17	208.4125	1.667039	1.46394	3.178523
3708	-1042.422	-1251.631	209.209	1.498214	0.7902917	3.178523
3714	-1074.616	-1284.777	210.1606	1.834779	1.725124	1.861495
3720	-1035.959	-1246.032	210.0736	1.778468	1.353809	2.13597
3726	-1034.108	-1243.485	209.3772	1.590016	1.266569	2.738079
3732	-1070.798	-1278.717	207.9188	1.29805	2.257086	3.393797
3738	-1053.845	-1260.316	206.4709	1.247332	1.585875	4.487388
3744	-1042.922	-1251.283	208.3611	1.305594	0.9187248	3.702838
3750	-1057.628	-1266.953	209.3249	1.649107	1.565168	2.592475
3756	-1064.938	-1275.414	210.4758	1.748366	1.620389	1.75217
3762	-1039.217	-1250.009	210.7921	1.836129	0.9265883	1.878638
3768	-1036.858	-1247.644	210.7862	1.631586	0.9245983	2.021598
3774	-1035.845	-1246.23	210.3842	1.781503	1.512082	1.845913
3780	-1036.576	-1247.002	210.4256	1.853346	1.362943	1.845913
3786	-1037.283	-1247.795	210.512	1.76698	1.362943	1.845913
3792	-1038.577	-1249.424	210.8474	1.63995	1.231711	1.776427
3798	-1030.888	-1241.146	210.2578	1.75533	1.137171	2.150771
3804	-1036.085	-1245.636	209.5511	1.75533	1.280363	2.521577
3810	-1037.803	-1247.015	209.2121	1.529679	1.720084	2.670391
3816	-1032.939	-1243.986	211.0465	1.616966	1.333395	1.591179
3822	-1041.801	-1252.695	210.8938	1.713176	1.123524	1.759726
3828	-1051.122	-1262.142	211.0195	1.644521	1.062585	1.759726
3834	-1046.983	-1257.576	210.5933	1.805812	1.22111	1.843644
3840	-1058.158	-1267.684	209.5267	1.776791	1.564559	2.386582
3846	-1062.335	-1272.323	209.9881	1.789864	1.953468	1.912006
3852	-1046.939	-1257.46	210.5208	1.641224	1.464201	1.872621
3858	-1037.166	-1248.202	211.0355	1.812339	1.248248	1.506893
3864	-1046.949	-1257.962	211.0127	1.822661	1.049998	1.646979
3870	-1043.212	-1254.717	211.5049	2.050141	0.8883823	1.219875
3876	-1038.545	-1250.162	211.6174	1.948466	0.8883823	1.210707
3882	-1043.962	-1255.371	211.4098	1.95249	1.223728	1.105012
3888	-1047.726	-1258.555	210.8295	1.931846	1.500181	1.422046
3894	-1045.29	-1256.659	211.3694	2.130155	0.9800922	1.184761
3900	-1046.524	-1258.311	211.7875	2.083391	0.8259582	0.9951802
3906	-1058.253	-1269.407	211.1538	2.005763	1.274646	1.244145
3912	-1064.382	-1275.905	211.5236	1.908231	1.067616	1.168843
3918	-1048.437	-1259.537	211.0997	2.011405	1.447141	1.168843
3924	-1041.829	-1253.507	211.6779	2.090039	0.9575535	0.9535594
3930	-1058.384	-1269.711	211.3272	2.09286	1.056955	1.187931
3936	-1058.848	-1269.788	210.9396	1.977241	1.689758	1.187931
3942	-1042.689	-1253.763	211.074	1.946645	1.202147	1.405382
3948	-1044.277	-1255.017	210.7402	2.100594	1.765346	1.210439
3954	-1048.582	-1259.179	210.5965	1.601628	1.46817	1.845936
3960	-1041.671	-1252.793	211.1219	1.808135	1.49111	1.293754
3966	-1035.456	-1246.375	210.9189	1.988556	1.49111	1.312092
3972	-1043.54	-1254.894	211.3536	2.079649	0.930286	1.283834
3978	-1040.713	-1252.067	211.3536	2.079649	0.930286	1.283834
3984	-1037.009	-1248.363	211.3536	2.079649	0.930286	1.283834
3990	-1044.384	-1256.033	211.6486	2.053236	0.8457996	1.133378
3996	-1033.157	-1244.58	211.4227	2.053236	1.114222	1.09003
4002	-1037.344	-1249.109	211.765	1.934322	0.7967009	1.185633
4008	-1038.661	-1250.489	211.8279	1.934322	0.8636314	1.059473
4014	-1037.72	-1249.558	211.838	2.067459	0.7420829	1.059473
4020	-1035.867	-1247.581	211.7133	1.89556	0.8236419	1.23578
4026	-1036.839	-1248.08	211.2416	2.0561	1.352426	1.0663
4032	-1048.267	-1259.994	211.7265	2.170592	0.9748799	0.7789086
4038	-1049.677	-1261.282	211.6046	2.287563	1.047849	0.6695566
4044	-1044.81	-1256.314	211.5047	2.463132	0.9945956	0.6173364
4050	-1036.439	-1247.973	211.5333	2.386008	1.037373	0.6330254
4056	-1039.907	-1251.231	211.3236	2.385327	1.2485	0.6737791
4062	-1042.443	-1253.985	211.5417	2.221333	1.100123	0.7956503
4068	-1043.031	-1254.491	211.4608	2.07414	1.331572	0.8319338
4074	-1051.637	-1263.275	211.6381	2.125578	0.9397835	0.9770949
4080	-1050.304	-1261.095	210.7906	2.028341	1.806748	1.206464
4086	-1050.354	-1259.638	209.2837	1.705871	1.902595	2.444332
4092	-1036.498	-1247.407	210.9097	1.916126	1.151383	1.58557
4098	-1046.621	-1257.771	211.1501	2.19264	1.295137	1.067536
4104	-1053.274	-1264.915	211.6409	2.23586	0.8679457	0.9399299
4110	-1057.079	-1269.179	212.0999	2.259609	0.6220642	0.7166143
4116	-1047.666	-1259.274	211.6083	2.263116	1.04219	0.7166143
4122	-1057.474	-1269.077	211.6032	2.263116	1.071102	0.67662
4128	-1048.661	-1260.114	211.4532	2.312178	1.071102	0.8280474
4134	-1048.283	-1259.707	211.4238	2.159834	0.9958727	1.095689
4140	-1045.04	-1256.414	211.3743	1.855019	1.255721	1.198542
4146	-1041.787	-1252.977	211.19	1.907504	1.552286	1.112186
4152	-1054.651	-1266.045	211.393	1.856429	1.053538	1.332142
4158	-1052.464	-1263.47	211.0059	2.046807	1.843223	0.9680054
4164	-1059.139	-1270.738	211.5992	2.062933	1.15204	0.86291
4170	-1062.297	-1273.582	211.285	2.062933	1.575364	0.8361083
4176	-1055.718	-1266.992	211.2736	2.233843	1.459363	0.7322392
4182	-1059.238	-1271.189	211.9513	2.376973	0.6395151	0.7277248
4188	-1068.073	-1280.002	211.9282	2.234522	0.7856742	0.6892539
4194	-1053.488	-1264.706	211.2188	2.237205	1.445759	0.8192331
4200	-1071.479	-1283.258	211.7786	2.290592	0.8282856	0.7596397
4206	-1071.176	-1282.965	211.7886	2.459919	0.734181	0.6438041
4212	-1062.464	-1273.974	211.5094	2.234653	1.089544	0.8329402
4218	-1052.795	-1264.228	211.4324	2.26263	1.17283	0.7982093
4224	-1055.902	-1267.155	211.2529	2.074247	1.31825	1.064466
4230	-1069.249	-1279.923	210.6743	1.90462	1.549536	1.532901
4236	-1061.118	-1272.408	211.2899	2.116396	1.21346	1.072532
4242	-1053.325	-1264.858	211.5333	2.160816	1.161471	0.8127952
4248	-1050.398	-1261.951	211.5537	2.152208	0.9550728	1.019025
4254	-1064.742	-1276.269	211.5271	2.017327	0.8330681	1.280248
4260	-1055.939	-1267.224	211.2847	2.472881	1.164567	0.7169579
4266	-1039.402	-1250.856	211.4541	2.212257	1.164567	0.8443415
4272	-1049.165	-1260.442	211.2769	2.288909	1.435624	0.6603975
4278	-1042.575	-1254.075	211.4998	2.052675	1.152782	0.9821118
4284	-1048.129	-1259.344	211.2151	2.052675	1.603433	0.9070334
4290	-1050.148	-1261.189	211.0406	2.572733	1.409416	0.5920342
4296	-1042.784	-1253.993	211.2091	2.572733	1.219106	0.5272997
4302	-1044.667	-1255.473	210.8061	1.721235	1.146098	1.800843
4308	-1042.579	-1253.504	210.9251	1.672473	1.164957	1.740121
4314	-1045.403	-1256.396	210.9926	1.793576	1.273948	1.536765
4320	-1042.797	-1253.928	211.1312	1.830126	1.309817	1.380957
4326	-1034.409	-1244.842	210.4334	1.544816	1.552331	1.95346
4332	-1020.408	-1230.772	210.3643	1.736358	1.3987	1.947982
4338	-1022.165	-1233.248	211.0828	1.81271	0.8286477	1.768914
4344	-1024.745	-1235.817	211.0719	1.82332	0.9246419	1.694644
4350	-1031.384	-1240.883	209.4993	1.574781	1.560171	2.532518
4356	-1027.973	-1238	210.0272	2.082131	1.813268	1.743242
4362	-1048.042	-1258.9	210.8575	2.608611	1.60674	0.4113776
4368	-1045.19	-1256.377	211.1871	2.608611	1.192425	0.4304078
4374	-1042.368	-1253.293	210.9251	2.755637	1.297903	0.37701
4380	-1036.534	-1247.911	211.3771	2.584927	0.9879727	0.37701
4386	-1036.867	-1248.046	211.1789	2.765025	0.9879727	0.3526569
4392	-1056.621	-1267.698	211.0762	2.810496	0.9879727	0.299331
4398	-1053.186	-1264.094	210.908	2.775061	1.271476	0.3509706
4404	-1053.753	-1264.911	211.1589	2.763038	1.019974	0.3652042
4410	-1047.531	-1258.377	210.8459	2.731376	1.417995	0.3652042
4416	-1052.392	-1263.502	211.1097	2.703747	1.171433	0.4279711
4422	-1043.787	-1252.861	209.0744	1.520804	1.555961	2.828799
4428	-1035.23	-1244.23	209.0006	1.573912	1.722072	2.772056
4434	-1047.606	-1257.558	209.9523	1.613236	1.655274	2.178417
4440	-1043.003	-1254.281	211.278	2.550166	1.166942	0.5193688
4446	-1047.745	-1259.032	211.2869	2.670413	1.01763	0.4281177
4452	-1045.25	-1256.586	211.3356	2.490872	1.169594	0.5081275
4458	-1051.608	-1263.148	211.5403	2.576065	0.859378	0.6028347
4464	-1042.801	-1254.155	211.3535	2.259419	1.239392	0.8297956
4470	-1036.125	-1245.731	209.6066	1.476318	1.229961	2.686122
4476	-1030.947	-1240.315	209.3679	1.78428	1.505788	2.508294
4482	-1048.793	-1260.049	211.2567	2.059965	1.29339	1.093134
4488	-1039.802	-1250.991	211.1895	1.95073	1.341962	1.214193
4494	-1053.383	-1263.899	210.5156	1.986206	1.784775	1.471273
4500	-1048.013	-1259.587	211.5735	2.083293	1.077327	0.9460119
4506	-1040.897	-1252.292	211.3951	2.023216	1.023096	1.217507
4512	-1035.61	-1246.444	210.8342	1.864109	1.982487	1.217507
4518	-1037.712	-1249.067	211.355	1.664421	1.058388	1.506213
4524	-1032.826	-1244.365	211.5391	2.072189	0.9387113	1.123804
4530	-1032.293	-1242.804	210.5108	1.695674	0.9581221	2.137599
4536	-1030.967	-1241.628	210.6618	1.567008	1.12057	2.01888
4542	-1043.918	-1255.637	211.7185	2.165444	0.8814915	0.9159064
4548	-1033.419	-1244.883	211.464	2.272488	1.043731	0.8938185
4554	-1028.992	-1239.728	210.7357	1.463489	1.056129	2.078416
4560	-1035.599	-1247.195	211.5959	2.157619	0.9618257	0.9639505
4566	-1031.988	-1243.673	211.6844	2.350532	0.911651	0.660913
4572	-1041.757	-1252.826	211.0685	1.743896	1.061686	1.655402
4578	-1035.726	-1246.484	210.7576	1.697606	1.207988	1.812851
4584	-1034.456	-1245.898	211.4416	1.645155	1.015192	1.487255
4590	-1048.423	-1259.907	211.4845	2.382923	1.11932	0.549432
4596	-1046.646	-1258.042	211.3965	2.503547	1.087794	0.4757164
4602	-1035.864	-1246.962	211.098	1.884786	1.461611	1.268466
4608	-1032.987	-1244.241	211.2539	1.97792	1.157067	1.268466
4614	-1041.808	-1252.735	210.9271	1.773594	1.34771	1.555479
4620	-1041.658	-1251.775	210.1165	1.689142	1.250806	2.220783
4626	-1054.845	-1265.68	210.835	1.689142	1.474121	1.613336
4632	-1054.439	-1265.485	211.0461	2.291059	1.611915	0.8172708
4638	-1049.663	-1260.891	211.2279	2.220499	1.359719	0.9073518
4644	-1046.257	-1256.468	210.2108	1.603046	1.119388	2.289846
4650	-1057.072	-1267.98	210.9085	2.085274	1.763541	1.075378
4656	-1044.718	-1256.025	211.3072	2.085274	1.396991	0.9365945
4662	-1058.627	-1269.045	210.4181	1.921564	1.32103	1.827258
4668	-1062.493	-1273.623	211.13	1.802386	0.9261889	1.667035
4674	-1043.925	-1255.451	211.5262	2.43119	1.012714	0.5957833
4680	-1041.354	-1252.702	211.3479	2.366545	1.224055	0.7017926
4686	-1055.016	-1266.411	211.3943	2.362399	1.202501	0.65707
4692	-1051.172	-1262.593	211.4211	2.367992	1.1536	0.6785377
4698	-1044.787	-1256.03	211.2425	2.173915	1.354342	0.9467015
4704	-1041.504	-1251.966	210.462	1.743544	1.704288	1.725298
4710	-1047.796	-1259.159	211.3623	2.156495	1.236726	0.9406618
4716	-1053.003	-1264.646	211.6435	2.156495	0.9694845	0.9055393
4722	-1040.418	-1251.629	211.2113	2.159879	1.2116	1.106409
4728	-1034.335	-1246.239	211.9039	2.045844	0.6944486	1.075023
4734	-1026.438	-1237.949	211.5114	2.139698	0.8386875	1.185145
4740	-1032.448	-1243.858	211.4098	2.129226	0.9166206	1.207539
4746	-1040.649	-1252.088	211.4391	2.263992	0.9482315	1.028729
4752	-1055.265	-1266.154	210.8886	2.001689	1.510263	1.314571
4758	-1059.508	-1270.682	211.1743	2.232768	1.259974	1.034011
4764	-1038.987	-1250.39	211.4031	2.073382	1.195787	1.019994
4770	-1040.676	-1251.819	211.1424	2.033342	1.401284	1.142751
4776	-1038.454	-1249.035	210.5811	2.033342	1.37978	1.600101
4782	-1031.484	-1242.33	210.8465	2.033342	1.629109	1.254154
4788	-1037.572	-1248.507	210.935	1.930726	1.67793	1.238165
4794	-1034.975	-1246.08	211.1043	1.972147	1.384497	1.239592
4800	-1033.263	-1244.278	211.0153	2.138839	1.586139	1.036768
4806	-1038.671	-1249.994	211.3223	2.036813	1.256382	1.082339
4812	-1027.677	-1238.605	210.9272	2.115811	1.938189	0.9161956
4818	-1028.636	-1239.328	210.6913	1.875369	1.710112	1.458954
4824	-1036.656	-1247.977	211.3208	2.039352	1.048256	1.245835
4830	-1035.556	-1246.967	211.411	1.938023	1.016861	1.280403
4836	-1036.201	-1246.999	210.7973	1.938023	1.366015	1.519054
4842	-1025.862	-1237.35	211.4883	2.099669	1.120652	0.9756681
4848	-1030.857	-1241.936	211.0794	2.099669	1.589131	1.010291
4854	-1029.669	-1241.424	211.7553	2.256445	0.9161201	0.6958652
4860	-1028.127	-1239.809	211.6823	2.360315	0.9161201	0.6335294
4866	-1049.049	-1259.758	210.7099	2.300418	2.010104	0.9052101
4872	-1036.958	-1247.73	210.7715	2.194816	1.757685	1.104296
4878	-1040.96	-1251.59	210.6303	2.091328	2.312238	1.031304
4884	-1046.349	-1256.845	210.4954	2.031578	2.17277	1.270159
4890	-1050.155	-1260.441	210.2852	1.992295	1.101777	1.997979
4896	-1052.597	-1264.161	211.5642	2.069612	1.015414	1.029829
4902	-1057.11	-1268.16	211.0496	2.080282	1.476267	1.132978
4908	-1060.032	-1270.964	210.9314	2.080282	1.59584	1.161261
4914	-1056.066	-1267.23	211.1634	1.956083	1.612723	1.052187
4920	-1054.564	-1265.24	210.6764	1.886953	1.910283	1.363138
4926	-1044.215	-1255.031	210.8155	1.989742	1.818548	1.211763
4932	-1048.07	-1259.29	211.2195	2.134232	1.416982	0.9611919
4938	-1043.477	-1254.501	211.0245	2.121325	1.515543	1.092269
4944	-1044.05	-1254.762	210.7113	2.330768	1.638937	1.1074
4950	-1051.511	-1262.438	210.9267	1.750585	1.234215	1.640605
4956	-1048.036	-1259.126	211.09	1.634156	1.180253	1.640605
4962	-1025.036	-1236.031	210.9953	2.126327	1.353671	1.222008
4968	-1035.753	-1246.425	210.6713	1.784277	1.788353	1.504369
4974	-1042.768	-1253.518	210.7503	1.905086	1.963158	1.263087
4980	-1034.468	-1245.273	210.805	1.702352	1.972612	1.377769
4986	-1040.69	-1251.821	211.1314	2.016718	1.747086	0.9320905
4992	-1025.97	-1237.393	211.4225	2.189068	1.121154	0.950644
4998	-1036.801	-1248.194	211.393	2.12033	1.296253	0.8919252
5004	-1036.847	-1248.231	211.3843	2.172935	1.353032	0.780026
5010	-1047.744	-1258.697	210.9528	1.888509	1.537096	1.338256
5016	-1045.48	-1256.238	210.7577	1.783287	1.600493	1.534252
5022	-1045.067	-1255.762	210.6953	1.729889	1.327775	1.764221
5028	-1054.979	-1265.403	210.4238	1.693539	1.79549	1.745556
5034	-1059.152	-1268.489	209.337	1.611366	1.778523	2.518845
5040	-1057.535	-1268.353	210.8176	1.650815	1.04792	1.903971
5046	-1055.937	-1266.694	210.7571	1.800741	1.063996	1.832327
5052	-1034.682	-1246.008	211.3259	1.763214	1.267539	1.306968
5058	-1043.143	-1254.447	211.3036	1.850269	1.217375	1.288917
5064	-1040.705	-1251.943	211.2378	1.934498	1.46102	1.104922
5070	-1037.908	-1249.236	211.328	1.9033	1.431947	1.07059
5076	-1031.869	-1243.102	211.2333	2.037708	1.281262	1.14354
5082	-1030.333	-1241.806	211.4728	2.100821	1.281262	0.8349384
5088	-1036.95	-1248.187	211.237	1.880091	0.9916368	1.482087
5094	-1035.138	-1246.587	211.4489	1.968612	1.180591	1.088757
5100	-1034.564	-1245.883	211.3195	2.178732	1.318113	0.8888364
5106	-1043.688	-1254.364	210.6762	2.016354	2.123216	1.152571
5112	-1044.324	-1255.715	211.3911	1.932472	1.219957	1.142763
5118	-1045.238	-1255.835	210.5968	2.042042	2.140552	1.190919
5124	-1040.56	-1251.574	211.0143	1.932652	1.253529	1.428292
5130	-1045.581	-1257.018	211.437	2.152034	1.225053	0.8735896
5136	-1039.646	-1250.824	211.1783	2.038648	1.218721	1.235738
5142	-1034.897	-1245.544	210.6469	2.071661	1.961171	1.21107
5148	-1041.645	-1252.977	211.3325	2.076025	1.104307	1.159023
5154	-1039.156	-1250.612	211.4557	2.185918	1.113539	0.9259321
5160	-1044.117	-1254.649	210.5318	2.202896	1.845737	1.256695
5166	-1047.037	-1257.852	210.815	2.117286	1.128921	1.522079
5172	-1056.67	-1267.796	211.1259	1.847648	1.361834	1.338282
5178	-1052.435	-1262.946	210.5106	1.90976	1.817979	1.516561
5184	-1057.483	-1267.484	210.001	1.838602	1.332248	2.155294
5190	-1043.985	-1254.368	210.3836	1.838602	1.60272	1.762148
5196	-1042.323	-1253.24	210.9169	1.850878	1.578386	1.373194
5202	-1042.642	-1253.499	210.8566	1.936888	1.578386	1.352909
5208	-1038.713	-1249.631	210.9185	1.891386	1.555232	1.352909
5214	-1039.91	-1250.75	210.84	1.902137	1.295178	1.556311
5220	-1038.654	-1249.479	210.8242	1.829837	1.171029	1.696456
5226	-1048.285	-1258.551	210.2659	1.880818	1.402671	1.914858
5232	-1044.202	-1254.746	210.544	1.683694	1.312559	1.908373
5238	-1035.766	-1245.894	210.1285	1.815121	1.699204	1.908373
5244	-1046.783	-1257.213	210.4296	1.675145	1.228763	2.037573
5250	-1043.152	-1253.392	210.241	1.56601	2.053913	1.852148
5256	-1051.759	-1261.822	210.0629	1.63156	1.334774	2.247888
5262	-1047.724	-1258.681	210.9576	1.757641	1.409157	1.508973
5268	-1054.764	-1265.404	210.6401	1.913008	1.830937	1.40949
5274	-1071.203	-1281.154	209.951	1.819391	1.730936	2.010601
5280	-1068.708	-1278.847	210.1388	1.978033	1.393461	1.939829
5286	-1068.258	-1278.226	209.9677	1.97387	1.67381	1.921306
5292	-1068.868	-1279.98	211.1116	1.99648	0.9759701	1.500776
5298	-1056.064	-1267.216	211.1522	1.941672	1.477557	1.163993
5304	-1051.361	-1262.601	211.2403	1.95318	1.348136	1.163993
5310	-1047.672	-1258.365	210.6926	1.970096	2.15353	1.163993
5316	-1050.825	-1261.939	211.1139	1.925503	1.711922	1.06433
5322	-1060.801	-1272.17	211.3697	1.939942	0.8109679	1.484417
5328	-1068.091	-1279.587	211.4961	1.933067	1.129302	1.120106
5334	-1060.142	-1270.805	210.6625	1.909255	2.275735	1.185549
5340	-1061.127	-1272.561	211.4343	2.167202	1.03509	1.042454
5346	-1054.389	-1265.146	210.7564	2.133553	1.221165	1.492632
5352	-1054.819	-1265.91	211.0907	1.726982	1.209005	1.554222
5358	-1052.789	-1263.026	210.2371	1.651082	1.343732	2.117615
5364	-1055.564	-1264.984	209.4206	1.609848	1.184391	2.742506
5370	-1075.582	-1286.552	210.9704	2.138146	1.030943	1.459023
5376	-1078.128	-1288.159	210.0308	1.983914	1.326462	2.043412
5382	-1055.96	-1266.744	210.7844	1.803373	1.481457	1.562941
5388	-1063.633	-1273.614	209.9805	1.736528	2.459912	1.764417
5394	-1056.26	-1267.054	210.7941	2.268654	1.328087	1.288004
5400	-1059.122	-1270.055	210.9329	2.179952	1.499765	1.132668
5406	-1055.547	-1266.151	210.6048	2.016057	1.393566	1.587592
5412	-1028.782	-1239.595	210.8126	1.753987	1.112238	1.79504
5418	-1028.989	-1239.618	210.6298	1.945563	1.623461	1.496707
5424	-1067.311	-1277.808	210.4973	2.089242	1.37579	1.622618
5430	-1024.283	-1234.426	210.143	1.79741	1.520787	1.994015
5436	-1031.013	-1242.314	211.301	2.139279	1.365635	0.9111869
5442	-1038.245	-1249.904	211.6583	2.209054	1.004454	0.7788907
5448	-1035.61	-1246.694	211.0836	2.116372	1.004454	1.408936
5454	-1049.686	-1259.993	210.3064	2.050169	1.735336	1.602682
5460	-1045.897	-1257.293	211.3961	1.895955	0.9635834	1.369314
5466	-1046.019	-1257.786	211.7668	2.050179	0.7848344	1.093316
5472	-1050.213	-1260.749	210.5367	1.730649	1.506801	1.778424
5478	-1043.092	-1253.39	210.2982	1.86243	1.274176	1.974835
5484	-1037.427	-1247.651	210.2236	1.821482	1.418938	1.974835
5490	-1058.744	-1269.469	210.7244	2.017255	1.187395	1.623426
5496	-1057.244	-1268.106	210.8615	2.138295	1.011391	1.554875
5502	-1044.681	-1254.357	209.676	1.816712	1.468249	2.310911
5508	-1038.8	-1248.637	209.837	1.762114	1.468249	2.242752
5514	-1049.51	-1259.9	210.3893	1.715476	1.39152	1.948995
5520	-1058.307	-1268.672	210.3651	1.794196	1.021785	2.126499
5526	-1061.817	-1271.442	209.6252	1.626854	1.110155	2.647583
5532	-1047.622	-1258.171	210.5484	1.75401	1.12596	1.966414
5538	-1042.605	-1252.691	210.0864	1.87298	1.688014	1.902769
5544	-1035.236	-1245.314	210.0777	1.881709	1.688014	1.902769
5550	-1034.764	-1244.248	209.4846	1.755476	1.408953	2.498815
5556	-1041.292	-1251.4	210.1073	1.699566	1.225444	2.233918
5562	-1040.794	-1250.945	210.1506	1.539526	1.315748	2.260582
5568	-1042.676	-1251.916	209.2397	1.539526	1.225045	2.873864
5574	-1051.017	-1261.549	210.5322	1.686092	1.168822	1.996856
5580	-1064.644	-1274.563	209.9183	1.571682	1.33414	2.37866
5586	-1054.847	-1264.834	209.9867	1.703832	1.215231	2.314145
5592	-1052.928	-1263.645	210.7163	1.814198	1.63827	1.52263
5598	-1051.847	-1262.406	210.5586	1.932555	1.599375	1.571581
5604	-1053.785	-1263.573	209.7887	1.774229	1.34843	2.325082
5610	-1050.288	-1259.511	209.2231	1.653536	2.10178	2.441895
5616	-1038.563	-1248.849	210.2861	1.69812	1.795187	1.838029
5622	-1049.025	-1259.418	210.3931	1.844614	1.858114	1.631977
5628	-1048.814	-1259.617	210.8024	1.645068	1.17184	1.840001
5634	-1047.144	-1257.53	210.3857	1.579988	1.6658	1.908661
5640	-1034.587	-1243.852	209.265	1.537508	1.065352	2.946933
5646	-1036.107	-1245.986	209.8796	1.537508	0.9696901	2.630012
5652	-1060.111	-1271.011	210.9001	1.852011	1.483948	1.438323
5658	-1055.489	-1266.399	210.9096	2.02233	1.255919	1.438323
5664	-1037.544	-1247.732	210.1882	1.706732	1.288621	2.142402
5670	-1033.269	-1242.968	209.6988	1.918592	1.834991	2.067698
5676	-1025.026	-1235.685	210.6587	2.045586	1.511675	1.459285
